[RemindMe]2021/12/09 - 09:13:05.095	[31merror[0m	create operation record error:	{"err": "Error 1406: Data too long for column 'agent' at row 1"}
[RemindMe]2021/12/09 - 09:13:05.478	[31merror[0m	create operation record error:	{"err": "Error 1406: Data too long for column 'agent' at row 1"}
[RemindMe]2021/12/09 - 09:13:50.325	[31merror[0m	create operation record error:	{"err": "Error 1406: Data too long for column 'agent' at row 1"}
[RemindMe]2021/12/09 - 09:13:50.533	[31merror[0m	create operation record error:	{"err": "Error 1406: Data too long for column 'agent' at row 1"}
[RemindMe]2021/12/09 - 09:13:56.877	[31merror[0m	create operation record error:	{"err": "Error 1406: Data too long for column 'agent' at row 1"}
[RemindMe]2021/12/09 - 09:13:58.029	[31merror[0m	create operation record error:	{"err": "Error 1406: Data too long for column 'agent' at row 1"}
[RemindMe]2021/12/09 - 09:14:00.521	[31merror[0m	create operation record error:	{"err": "Error 1406: Data too long for column 'agent' at row 1"}
[RemindMe]2021/12/09 - 09:14:00.565	[31merror[0m	create operation record error:	{"err": "Error 1406: Data too long for column 'agent' at row 1"}
[RemindMe]2021/12/09 - 09:14:00.598	[31merror[0m	create operation record error:	{"err": "Error 1406: Data too long for column 'agent' at row 1"}
[RemindMe]2021/12/09 - 09:31:08.549	[31merror[0m	create operation record error:	{"err": "Error 1406: Data too long for column 'agent' at row 1"}
[RemindMe]2021/12/09 - 09:31:08.619	[31merror[0m	create operation record error:	{"err": "Error 1406: Data too long for column 'agent' at row 1"}
[RemindMe]2021/12/09 - 09:31:14.276	[31merror[0m	create operation record error:	{"err": "Error 1406: Data too long for column 'agent' at row 1"}
[RemindMe]2021/12/09 - 09:31:15.300	[31merror[0m	create operation record error:	{"err": "Error 1406: Data too long for column 'agent' at row 1"}
[RemindMe]2021/12/09 - 09:32:03.701	[31merror[0m	create operation record error:	{"err": "Error 1406: Data too long for column 'agent' at row 1"}
[RemindMe]2021/12/09 - 09:32:06.727	[31merror[0m	create operation record error:	{"err": "Error 1406: Data too long for column 'agent' at row 1"}
[RemindMe]2021/12/09 - 09:32:06.772	[31merror[0m	create operation record error:	{"err": "Error 1406: Data too long for column 'agent' at row 1"}
[RemindMe]2021/12/09 - 09:32:06.801	[31merror[0m	create operation record error:	{"err": "Error 1406: Data too long for column 'agent' at row 1"}
[RemindMe]2021/12/09 - 09:32:25.468	[31merror[0m	create operation record error:	{"err": "Error 1406: Data too long for column 'agent' at row 1"}
[RemindMe]2021/12/09 - 09:32:25.526	[31merror[0m	create operation record error:	{"err": "Error 1406: Data too long for column 'agent' at row 1"}
[RemindMe]2021/12/09 - 09:32:52.686	[31merror[0m	create operation record error:	{"err": "Error 1406: Data too long for column 'agent' at row 1"}
[RemindMe]2021/12/09 - 09:32:53.551	[31merror[0m	create operation record error:	{"err": "Error 1406: Data too long for column 'agent' at row 1"}
[RemindMe]2021/12/09 - 09:33:19.304	[31merror[0m	create operation record error:	{"err": "Error 1406: Data too long for column 'agent' at row 1"}
[RemindMe]2021/12/09 - 09:33:19.344	[31merror[0m	create operation record error:	{"err": "Error 1406: Data too long for column 'agent' at row 1"}
[RemindMe]2021/12/09 - 09:33:19.373	[31merror[0m	create operation record error:	{"err": "Error 1406: Data too long for column 'agent' at row 1"}
[RemindMe]2021/12/09 - 09:57:34.854	[31merror[0m	create operation record error:	{"err": "Error 1406: Data too long for column 'agent' at row 1"}
[RemindMe]2021/12/09 - 09:57:35.228	[31merror[0m	create operation record error:	{"err": "Error 1406: Data too long for column 'agent' at row 1"}
[RemindMe]2021/12/09 - 09:57:41.447	[31merror[0m	create operation record error:	{"err": "Error 1406: Data too long for column 'agent' at row 1"}
[RemindMe]2021/12/09 - 09:57:42.388	[31merror[0m	create operation record error:	{"err": "Error 1406: Data too long for column 'agent' at row 1"}
[RemindMe]2021/12/09 - 09:57:45.621	[31merror[0m	create operation record error:	{"err": "Error 1406: Data too long for column 'agent' at row 1"}
[RemindMe]2021/12/09 - 09:57:45.659	[31merror[0m	create operation record error:	{"err": "Error 1406: Data too long for column 'agent' at row 1"}
[RemindMe]2021/12/09 - 09:57:45.690	[31merror[0m	create operation record error:	{"err": "Error 1406: Data too long for column 'agent' at row 1"}
[RemindMe]2021/12/09 - 09:59:52.366	[31merror[0m	create operation record error:	{"err": "Error 1406: Data too long for column 'agent' at row 1"}
[RemindMe]2021/12/09 - 09:59:53.212	[31merror[0m	create operation record error:	{"err": "Error 1406: Data too long for column 'agent' at row 1"}
[RemindMe]2021/12/09 - 10:32:53.258	[31merror[0m	create operation record error:	{"err": "Error 1406: Data too long for column 'agent' at row 1"}
[RemindMe]2021/12/09 - 10:32:53.298	[31merror[0m	create operation record error:	{"err": "Error 1406: Data too long for column 'agent' at row 1"}
[RemindMe]2021/12/09 - 10:32:53.328	[31merror[0m	create operation record error:	{"err": "Error 1406: Data too long for column 'agent' at row 1"}
[RemindMe]2021/12/09 - 10:33:00.858	[31merror[0m	create operation record error:	{"err": "Error 1406: Data too long for column 'agent' at row 1"}
[RemindMe]2021/12/09 - 10:33:01.760	[31merror[0m	create operation record error:	{"err": "Error 1406: Data too long for column 'agent' at row 1"}
[RemindMe]2021/12/09 - 10:47:59.863	[31merror[0m	create operation record error:	{"err": "Error 1406: Data too long for column 'agent' at row 1"}
[RemindMe]2021/12/09 - 10:48:15.860	[31merror[0m	create operation record error:	{"err": "Error 1406: Data too long for column 'agent' at row 1"}
[RemindMe]2021/12/09 - 10:49:26.083	[31merror[0m	create operation record error:	{"err": "Error 1406: Data too long for column 'agent' at row 1"}
[RemindMe]2021/12/09 - 10:49:26.169	[31merror[0m	create operation record error:	{"err": "Error 1406: Data too long for column 'agent' at row 1"}
[RemindMe]2021/12/09 - 10:49:26.198	[31merror[0m	create operation record error:	{"err": "Error 1406: Data too long for column 'agent' at row 1"}
[RemindMe]2021/12/09 - 10:51:20.164	[31merror[0m	create operation record error:	{"err": "Error 1406: Data too long for column 'agent' at row 1"}
[RemindMe]2021/12/09 - 10:51:22.696	[31merror[0m	create operation record error:	{"err": "Error 1406: Data too long for column 'agent' at row 1"}
[RemindMe]2021/12/09 - 10:51:29.722	[31merror[0m	create operation record error:	{"err": "Error 1406: Data too long for column 'agent' at row 1"}
[RemindMe]2021/12/09 - 10:51:29.990	[31merror[0m	create operation record error:	{"err": "Error 1406: Data too long for column 'agent' at row 1"}
[RemindMe]2021/12/09 - 10:51:30.367	[31merror[0m	create operation record error:	{"err": "Error 1406: Data too long for column 'agent' at row 1"}
[RemindMe]2021/12/09 - 10:52:58.626	[31merror[0m	create operation record error:	{"err": "Error 1406: Data too long for column 'agent' at row 1"}
[RemindMe]2021/12/09 - 10:52:59.993	[31merror[0m	create operation record error:	{"err": "Error 1406: Data too long for column 'agent' at row 1"}
[RemindMe]2021/12/09 - 10:53:05.726	[31merror[0m	create operation record error:	{"err": "Error 1406: Data too long for column 'agent' at row 1"}
[RemindMe]2021/12/09 - 10:53:06.092	[31merror[0m	create operation record error:	{"err": "Error 1406: Data too long for column 'agent' at row 1"}
[RemindMe]2021/12/09 - 10:53:07.089	[31merror[0m	create operation record error:	{"err": "Error 1406: Data too long for column 'agent' at row 1"}
[RemindMe]2021/12/09 - 10:53:40.710	[31merror[0m	create operation record error:	{"err": "Error 1406: Data too long for column 'agent' at row 1"}
[RemindMe]2021/12/09 - 10:53:41.593	[31merror[0m	create operation record error:	{"err": "Error 1406: Data too long for column 'agent' at row 1"}
[RemindMe]2021/12/09 - 10:54:24.226	[31merror[0m	create operation record error:	{"err": "Error 1406: Data too long for column 'agent' at row 1"}
[RemindMe]2021/12/09 - 10:54:25.802	[31merror[0m	create operation record error:	{"err": "Error 1406: Data too long for column 'agent' at row 1"}
[RemindMe]2021/12/09 - 10:54:27.679	[31merror[0m	create operation record error:	{"err": "Error 1406: Data too long for column 'agent' at row 1"}
[RemindMe]2021/12/09 - 10:54:28.697	[31merror[0m	create operation record error:	{"err": "Error 1406: Data too long for column 'agent' at row 1"}
[RemindMe]2021/12/09 - 10:54:30.651	[31merror[0m	create operation record error:	{"err": "Error 1406: Data too long for column 'agent' at row 1"}
[RemindMe]2021/12/09 - 10:54:30.692	[31merror[0m	create operation record error:	{"err": "Error 1406: Data too long for column 'agent' at row 1"}
[RemindMe]2021/12/09 - 10:54:30.723	[31merror[0m	create operation record error:	{"err": "Error 1406: Data too long for column 'agent' at row 1"}
[RemindMe]2021/12/09 - 10:55:35.494	[31merror[0m	create operation record error:	{"err": "Error 1406: Data too long for column 'agent' at row 1"}
[RemindMe]2021/12/09 - 10:55:35.828	[31merror[0m	create operation record error:	{"err": "Error 1406: Data too long for column 'agent' at row 1"}
[RemindMe]2021/12/09 - 10:55:45.693	[31merror[0m	create operation record error:	{"err": "Error 1406: Data too long for column 'agent' at row 1"}
[RemindMe]2021/12/09 - 10:55:46.835	[31merror[0m	create operation record error:	{"err": "Error 1406: Data too long for column 'agent' at row 1"}
[RemindMe]2021/12/09 - 10:55:49.917	[31merror[0m	create operation record error:	{"err": "Error 1406: Data too long for column 'agent' at row 1"}
[RemindMe]2021/12/09 - 10:55:49.940	[31merror[0m	create operation record error:	{"err": "Error 1406: Data too long for column 'agent' at row 1"}
[RemindMe]2021/12/09 - 10:55:49.958	[31merror[0m	create operation record error:	{"err": "Error 1406: Data too long for column 'agent' at row 1"}
[RemindMe]2021/12/09 - 10:56:04.040	[31merror[0m	create operation record error:	{"err": "Error 1406: Data too long for column 'agent' at row 1"}
[RemindMe]2021/12/09 - 10:56:04.898	[31merror[0m	create operation record error:	{"err": "Error 1406: Data too long for column 'agent' at row 1"}
[RemindMe]2021/12/09 - 10:56:29.352	[31merror[0m	create operation record error:	{"err": "Error 1406: Data too long for column 'agent' at row 1"}
[RemindMe]2021/12/09 - 10:56:29.381	[31merror[0m	create operation record error:	{"err": "Error 1406: Data too long for column 'agent' at row 1"}
[RemindMe]2021/12/09 - 10:56:29.446	[31merror[0m	create operation record error:	{"err": "Error 1406: Data too long for column 'agent' at row 1"}
[RemindMe]2021/12/09 - 11:13:23.372	[31merror[0m	create operation record error:	{"err": "Error 1406: Data too long for column 'agent' at row 1"}
[RemindMe]2021/12/09 - 11:13:23.519	[31merror[0m	create operation record error:	{"err": "Error 1406: Data too long for column 'agent' at row 1"}
[RemindMe]2021/12/09 - 11:14:09.062	[31merror[0m	create operation record error:	{"err": "Error 1406: Data too long for column 'agent' at row 1"}
[RemindMe]2021/12/09 - 11:14:09.222	[31merror[0m	create operation record error:	{"err": "Error 1406: Data too long for column 'agent' at row 1"}
[RemindMe]2021/12/09 - 11:14:52.378	[31merror[0m	create operation record error:	{"err": "Error 1406: Data too long for column 'agent' at row 1"}
[RemindMe]2021/12/09 - 11:14:52.533	[31merror[0m	create operation record error:	{"err": "Error 1406: Data too long for column 'agent' at row 1"}
[RemindMe]2021/12/09 - 11:15:04.304	[31merror[0m	create operation record error:	{"err": "Error 1406: Data too long for column 'agent' at row 1"}
[RemindMe]2021/12/09 - 11:15:04.432	[31merror[0m	create operation record error:	{"err": "Error 1406: Data too long for column 'agent' at row 1"}
[RemindMe]2021/12/09 - 11:15:17.466	[31merror[0m	create operation record error:	{"err": "Error 1406: Data too long for column 'agent' at row 1"}
[RemindMe]2021/12/09 - 11:15:18.528	[31merror[0m	create operation record error:	{"err": "Error 1406: Data too long for column 'agent' at row 1"}
[RemindMe]2021/12/09 - 11:15:22.335	[31merror[0m	create operation record error:	{"err": "Error 1406: Data too long for column 'agent' at row 1"}
[RemindMe]2021/12/09 - 11:15:22.359	[31merror[0m	create operation record error:	{"err": "Error 1406: Data too long for column 'agent' at row 1"}
[RemindMe]2021/12/09 - 11:15:22.381	[31merror[0m	create operation record error:	{"err": "Error 1406: Data too long for column 'agent' at row 1"}
[RemindMe]2021/12/09 - 11:16:06.379	[31merror[0m	create operation record error:	{"err": "Error 1406: Data too long for column 'agent' at row 1"}
[RemindMe]2021/12/09 - 11:16:06.808	[31merror[0m	create operation record error:	{"err": "Error 1406: Data too long for column 'agent' at row 1"}
[RemindMe]2021/12/09 - 11:16:12.897	[31merror[0m	create operation record error:	{"err": "Error 1406: Data too long for column 'agent' at row 1"}
[RemindMe]2021/12/09 - 11:16:14.020	[31merror[0m	create operation record error:	{"err": "Error 1406: Data too long for column 'agent' at row 1"}
[RemindMe]2021/12/09 - 11:16:15.241	[31merror[0m	create operation record error:	{"err": "Error 1406: Data too long for column 'agent' at row 1"}
[RemindMe]2021/12/09 - 11:16:16.104	[31merror[0m	create operation record error:	{"err": "Error 1406: Data too long for column 'agent' at row 1"}
[RemindMe]2021/12/09 - 11:16:18.882	[31merror[0m	create operation record error:	{"err": "Error 1406: Data too long for column 'agent' at row 1"}
[RemindMe]2021/12/09 - 11:16:18.912	[31merror[0m	create operation record error:	{"err": "Error 1406: Data too long for column 'agent' at row 1"}
[RemindMe]2021/12/09 - 11:16:18.933	[31merror[0m	create operation record error:	{"err": "Error 1406: Data too long for column 'agent' at row 1"}
[RemindMe]2021/12/09 - 11:18:56.405	[31merror[0m	create operation record error:	{"err": "Error 1406: Data too long for column 'agent' at row 1"}
[RemindMe]2021/12/09 - 11:18:56.795	[31merror[0m	create operation record error:	{"err": "Error 1406: Data too long for column 'agent' at row 1"}
[RemindMe]2021/12/09 - 11:19:10.284	[31merror[0m	create operation record error:	{"err": "Error 1406: Data too long for column 'agent' at row 1"}
[RemindMe]2021/12/09 - 11:19:10.601	[31merror[0m	create operation record error:	{"err": "Error 1406: Data too long for column 'agent' at row 1"}
[RemindMe]2021/12/09 - 11:19:24.210	[31merror[0m	create operation record error:	{"err": "Error 1406: Data too long for column 'agent' at row 1"}
[RemindMe]2021/12/09 - 11:19:24.624	[31merror[0m	create operation record error:	{"err": "Error 1406: Data too long for column 'agent' at row 1"}
[RemindMe]2021/12/09 - 11:20:29.430	[31merror[0m	create operation record error:	{"err": "Error 1406: Data too long for column 'agent' at row 1"}
[RemindMe]2021/12/09 - 11:20:29.854	[31merror[0m	create operation record error:	{"err": "Error 1406: Data too long for column 'agent' at row 1"}
[RemindMe]2021/12/09 - 11:28:42.922	[31merror[0m	create operation record error:	{"err": "Error 1406: Data too long for column 'agent' at row 1"}
[RemindMe]2021/12/09 - 11:28:43.288	[31merror[0m	create operation record error:	{"err": "Error 1406: Data too long for column 'agent' at row 1"}
[RemindMe]2021/12/09 - 11:28:53.770	[31merror[0m	create operation record error:	{"err": "Error 1406: Data too long for column 'agent' at row 1"}
[RemindMe]2021/12/09 - 11:28:54.963	[31merror[0m	create operation record error:	{"err": "Error 1406: Data too long for column 'agent' at row 1"}
[RemindMe]2021/12/09 - 11:29:05.648	[31merror[0m	create operation record error:	{"err": "Error 1406: Data too long for column 'agent' at row 1"}
[RemindMe]2021/12/09 - 11:29:12.375	[31merror[0m	create operation record error:	{"err": "Error 1406: Data too long for column 'agent' at row 1"}
[RemindMe]2021/12/09 - 11:29:13.364	[31merror[0m	create operation record error:	{"err": "Error 1406: Data too long for column 'agent' at row 1"}
[RemindMe]2021/12/09 - 11:29:44.336	[31merror[0m	create operation record error:	{"err": "Error 1406: Data too long for column 'agent' at row 1"}
[RemindMe]2021/12/09 - 11:29:54.786	[31merror[0m	create operation record error:	{"err": "Error 1406: Data too long for column 'agent' at row 1"}
[RemindMe]2021/12/09 - 11:29:58.237	[31merror[0m	create operation record error:	{"err": "Error 1406: Data too long for column 'agent' at row 1"}
[RemindMe]2021/12/09 - 11:29:58.265	[31merror[0m	create operation record error:	{"err": "Error 1406: Data too long for column 'agent' at row 1"}
[RemindMe]2021/12/09 - 11:29:58.298	[31merror[0m	create operation record error:	{"err": "Error 1406: Data too long for column 'agent' at row 1"}
[RemindMe]2021/12/09 - 13:05:07.197	[31merror[0m	create operation record error:	{"err": "Error 1406: Data too long for column 'agent' at row 1"}
[RemindMe]2021/12/09 - 13:05:07.357	[31merror[0m	create operation record error:	{"err": "Error 1406: Data too long for column 'agent' at row 1"}
[RemindMe]2021/12/09 - 13:05:41.473	[31merror[0m	create operation record error:	{"err": "Error 1406: Data too long for column 'agent' at row 1"}
[RemindMe]2021/12/09 - 13:05:41.986	[31merror[0m	create operation record error:	{"err": "Error 1406: Data too long for column 'agent' at row 1"}
[RemindMe]2021/12/09 - 13:05:46.210	[31merror[0m	create operation record error:	{"err": "Error 1406: Data too long for column 'agent' at row 1"}
[RemindMe]2021/12/09 - 13:05:46.348	[31merror[0m	create operation record error:	{"err": "Error 1406: Data too long for column 'agent' at row 1"}
[RemindMe]2021/12/09 - 13:06:05.675	[31merror[0m	create operation record error:	{"err": "Error 1406: Data too long for column 'agent' at row 1"}
[RemindMe]2021/12/09 - 13:06:06.692	[31merror[0m	create operation record error:	{"err": "Error 1406: Data too long for column 'agent' at row 1"}
[RemindMe]2021/12/09 - 13:06:57.663	[31merror[0m	create operation record error:	{"err": "Error 1406: Data too long for column 'agent' at row 1"}
[RemindMe]2021/12/09 - 13:07:03.737	[31merror[0m	create operation record error:	{"err": "Error 1406: Data too long for column 'agent' at row 1"}
[RemindMe]2021/12/09 - 13:07:03.761	[31merror[0m	create operation record error:	{"err": "Error 1406: Data too long for column 'agent' at row 1"}
[RemindMe]2021/12/09 - 13:07:03.782	[31merror[0m	create operation record error:	{"err": "Error 1406: Data too long for column 'agent' at row 1"}
[RemindMe]2021/12/09 - 13:07:45.948	[31merror[0m	create operation record error:	{"err": "Error 1406: Data too long for column 'agent' at row 1"}
[RemindMe]2021/12/09 - 13:07:46.582	[31merror[0m	create operation record error:	{"err": "Error 1406: Data too long for column 'agent' at row 1"}
[RemindMe]2021/12/09 - 13:07:58.033	[31merror[0m	create operation record error:	{"err": "Error 1406: Data too long for column 'agent' at row 1"}
[RemindMe]2021/12/09 - 13:07:58.138	[31merror[0m	create operation record error:	{"err": "Error 1406: Data too long for column 'agent' at row 1"}
[RemindMe]2021/12/09 - 13:08:01.492	[31merror[0m	create operation record error:	{"err": "Error 1406: Data too long for column 'agent' at row 1"}
[RemindMe]2021/12/09 - 13:08:01.832	[31merror[0m	create operation record error:	{"err": "Error 1406: Data too long for column 'agent' at row 1"}
[RemindMe]2021/12/09 - 13:08:34.217	[31merror[0m	create operation record error:	{"err": "Error 1406: Data too long for column 'agent' at row 1"}
[RemindMe]2021/12/09 - 13:08:34.275	[31merror[0m	create operation record error:	{"err": "Error 1406: Data too long for column 'agent' at row 1"}
[RemindMe]2021/12/09 - 13:10:37.537	[31merror[0m	create operation record error:	{"err": "Error 1406: Data too long for column 'agent' at row 1"}
[RemindMe]2021/12/09 - 13:10:37.952	[31merror[0m	create operation record error:	{"err": "Error 1406: Data too long for column 'agent' at row 1"}
[RemindMe]2021/12/09 - 13:10:39.754	[31merror[0m	create operation record error:	{"err": "Error 1406: Data too long for column 'agent' at row 1"}
[RemindMe]2021/12/09 - 13:10:40.142	[31merror[0m	create operation record error:	{"err": "Error 1406: Data too long for column 'agent' at row 1"}
[RemindMe]2021/12/09 - 13:10:44.338	[31merror[0m	create operation record error:	{"err": "Error 1406: Data too long for column 'agent' at row 1"}
[RemindMe]2021/12/09 - 13:10:44.500	[31merror[0m	create operation record error:	{"err": "Error 1406: Data too long for column 'agent' at row 1"}
[RemindMe]2021/12/09 - 13:10:52.528	[31merror[0m	create operation record error:	{"err": "Error 1406: Data too long for column 'agent' at row 1"}
[RemindMe]2021/12/09 - 13:10:52.553	[31merror[0m	create operation record error:	{"err": "Error 1406: Data too long for column 'agent' at row 1"}
[RemindMe]2021/12/09 - 13:10:52.578	[31merror[0m	create operation record error:	{"err": "Error 1406: Data too long for column 'agent' at row 1"}
[RemindMe]2021/12/09 - 13:11:47.956	[31merror[0m	create operation record error:	{"err": "Error 1406: Data too long for column 'agent' at row 1"}
[RemindMe]2021/12/09 - 13:11:48.902	[31merror[0m	create operation record error:	{"err": "Error 1406: Data too long for column 'agent' at row 1"}
[RemindMe]2021/12/09 - 13:11:51.188	[31merror[0m	create operation record error:	{"err": "Error 1406: Data too long for column 'agent' at row 1"}
[RemindMe]2021/12/09 - 13:11:51.213	[31merror[0m	create operation record error:	{"err": "Error 1406: Data too long for column 'agent' at row 1"}
[RemindMe]2021/12/09 - 13:11:51.234	[31merror[0m	create operation record error:	{"err": "Error 1406: Data too long for column 'agent' at row 1"}
[RemindMe]2021/12/09 - 13:14:03.672	[31merror[0m	create operation record error:	{"err": "Error 1406: Data too long for column 'agent' at row 1"}
[RemindMe]2021/12/09 - 13:14:03.786	[31merror[0m	create operation record error:	{"err": "Error 1406: Data too long for column 'agent' at row 1"}
[RemindMe]2021/12/09 - 13:14:13.117	[31merror[0m	create operation record error:	{"err": "Error 1406: Data too long for column 'agent' at row 1"}
[RemindMe]2021/12/09 - 13:14:13.619	[31merror[0m	create operation record error:	{"err": "Error 1406: Data too long for column 'agent' at row 1"}
[RemindMe]2021/12/09 - 13:14:20.327	[31merror[0m	create operation record error:	{"err": "Error 1406: Data too long for column 'agent' at row 1"}
[RemindMe]2021/12/09 - 13:14:20.938	[31merror[0m	create operation record error:	{"err": "Error 1406: Data too long for column 'agent' at row 1"}
[RemindMe]2021/12/09 - 13:14:30.936	[31merror[0m	create operation record error:	{"err": "Error 1406: Data too long for column 'agent' at row 1"}
[RemindMe]2021/12/09 - 13:14:31.928	[31merror[0m	create operation record error:	{"err": "Error 1406: Data too long for column 'agent' at row 1"}
[RemindMe]2021/12/09 - 13:14:33.805	[31merror[0m	create operation record error:	{"err": "Error 1406: Data too long for column 'agent' at row 1"}
[RemindMe]2021/12/09 - 13:14:33.847	[31merror[0m	create operation record error:	{"err": "Error 1406: Data too long for column 'agent' at row 1"}
[RemindMe]2021/12/09 - 13:14:33.880	[31merror[0m	create operation record error:	{"err": "Error 1406: Data too long for column 'agent' at row 1"}
[RemindMe]2021/12/09 - 13:15:13.187	[31merror[0m	create operation record error:	{"err": "Error 1406: Data too long for column 'agent' at row 1"}
[RemindMe]2021/12/09 - 13:15:13.333	[31merror[0m	create operation record error:	{"err": "Error 1406: Data too long for column 'agent' at row 1"}
[RemindMe]2021/12/09 - 13:15:18.656	[31merror[0m	create operation record error:	{"err": "Error 1406: Data too long for column 'agent' at row 1"}
[RemindMe]2021/12/09 - 13:15:19.568	[31merror[0m	create operation record error:	{"err": "Error 1406: Data too long for column 'agent' at row 1"}
[RemindMe]2021/12/09 - 13:15:21.289	[31merror[0m	create operation record error:	{"err": "Error 1406: Data too long for column 'agent' at row 1"}
[RemindMe]2021/12/09 - 13:15:21.431	[31merror[0m	create operation record error:	{"err": "Error 1406: Data too long for column 'agent' at row 1"}
[RemindMe]2021/12/09 - 13:15:21.453	[31merror[0m	create operation record error:	{"err": "Error 1406: Data too long for column 'agent' at row 1"}
[RemindMe]2021/12/09 - 13:15:34.963	[31merror[0m	create operation record error:	{"err": "Error 1406: Data too long for column 'agent' at row 1"}
[RemindMe]2021/12/09 - 13:15:35.714	[31merror[0m	create operation record error:	{"err": "Error 1406: Data too long for column 'agent' at row 1"}
[RemindMe]2021/12/09 - 13:16:10.091	[31merror[0m	create operation record error:	{"err": "Error 1406: Data too long for column 'agent' at row 1"}
[RemindMe]2021/12/09 - 13:16:13.359	[31merror[0m	create operation record error:	{"err": "Error 1406: Data too long for column 'agent' at row 1"}
[RemindMe]2021/12/09 - 13:16:13.694	[31merror[0m	create operation record error:	{"err": "Error 1406: Data too long for column 'agent' at row 1"}
[RemindMe]2021/12/09 - 13:16:52.899	[31merror[0m	create operation record error:	{"err": "Error 1406: Data too long for column 'agent' at row 1"}
[RemindMe]2021/12/09 - 13:16:53.414	[31merror[0m	create operation record error:	{"err": "Error 1406: Data too long for column 'agent' at row 1"}
[RemindMe]2021/12/09 - 13:17:13.900	[31merror[0m	create operation record error:	{"err": "Error 1406: Data too long for column 'agent' at row 1"}
[RemindMe]2021/12/09 - 13:17:15.111	[31merror[0m	create operation record error:	{"err": "Error 1406: Data too long for column 'agent' at row 1"}
[RemindMe]2021/12/09 - 13:17:16.715	[31merror[0m	create operation record error:	{"err": "Error 1406: Data too long for column 'agent' at row 1"}
[RemindMe]2021/12/09 - 13:17:17.491	[31merror[0m	create operation record error:	{"err": "Error 1406: Data too long for column 'agent' at row 1"}
[RemindMe]2021/12/09 - 13:17:20.554	[31merror[0m	create operation record error:	{"err": "Error 1406: Data too long for column 'agent' at row 1"}
[RemindMe]2021/12/09 - 13:17:20.584	[31merror[0m	create operation record error:	{"err": "Error 1406: Data too long for column 'agent' at row 1"}
[RemindMe]2021/12/09 - 13:17:20.609	[31merror[0m	create operation record error:	{"err": "Error 1406: Data too long for column 'agent' at row 1"}
[RemindMe]2021/12/09 - 17:40:20.073	[31merror[0m	accept tcp [::]:8888: use of closed network connection
[RemindMe]2021/12/09 - 17:40:46.179	[34minfo[0m	register table success
[RemindMe]2021/12/09 - 17:40:46.180	[34minfo[0m	use middleware logger
[RemindMe]2021/12/09 - 17:40:46.180	[34minfo[0m	use middleware cors
[RemindMe]2021/12/09 - 17:40:46.180	[34minfo[0m	register swagger handler
[RemindMe]2021/12/09 - 17:40:46.181	[34minfo[0m	router register success
[RemindMe]2021/12/09 - 17:40:46.181	[34minfo[0m	use middleware logger
[RemindMe]2021/12/09 - 17:40:46.181	[34minfo[0m	use middleware cors
[RemindMe]2021/12/09 - 17:40:46.181	[34minfo[0m	register swagger handler
[RemindMe]2021/12/09 - 17:41:12.296	[34minfo[0m	register table success
[RemindMe]2021/12/09 - 17:41:12.300	[34minfo[0m	use middleware logger
[RemindMe]2021/12/09 - 17:41:12.300	[34minfo[0m	use middleware cors
[RemindMe]2021/12/09 - 17:41:12.300	[34minfo[0m	register swagger handler
[RemindMe]2021/12/09 - 17:41:12.301	[34minfo[0m	router register success
[RemindMe]2021/12/09 - 17:41:12.301	[34minfo[0m	use middleware logger
[RemindMe]2021/12/09 - 17:41:12.301	[34minfo[0m	use middleware cors
[RemindMe]2021/12/09 - 17:41:12.301	[34minfo[0m	register swagger handler
[RemindMe]2021/12/09 - 17:41:32.969	[34minfo[0m	register table success
[RemindMe]2021/12/09 - 17:41:32.970	[34minfo[0m	use middleware logger
[RemindMe]2021/12/09 - 17:41:32.970	[34minfo[0m	use middleware cors
[RemindMe]2021/12/09 - 17:41:32.971	[34minfo[0m	register swagger handler
[RemindMe]2021/12/09 - 17:41:32.971	[34minfo[0m	router register success
[RemindMe]2021/12/09 - 17:41:32.971	[34minfo[0m	use middleware logger
[RemindMe]2021/12/09 - 17:41:32.971	[34minfo[0m	use middleware cors
[RemindMe]2021/12/09 - 17:41:32.971	[34minfo[0m	register swagger handler
[RemindMe]2021/12/09 - 17:42:13.067	[34minfo[0m	register table success
[RemindMe]2021/12/09 - 17:42:13.069	[34minfo[0m	use middleware logger
[RemindMe]2021/12/09 - 17:42:13.069	[34minfo[0m	use middleware cors
[RemindMe]2021/12/09 - 17:42:13.069	[34minfo[0m	register swagger handler
[RemindMe]2021/12/09 - 17:42:13.070	[34minfo[0m	router register success
[RemindMe]2021/12/09 - 17:42:13.070	[34minfo[0m	use middleware logger
[RemindMe]2021/12/09 - 17:42:13.070	[34minfo[0m	use middleware cors
[RemindMe]2021/12/09 - 17:42:13.070	[34minfo[0m	register swagger handler
[RemindMe]2021/12/09 - 17:42:29.480	[34minfo[0m	register table success
[RemindMe]2021/12/09 - 17:42:29.481	[34minfo[0m	use middleware logger
[RemindMe]2021/12/09 - 17:42:29.481	[34minfo[0m	use middleware cors
[RemindMe]2021/12/09 - 17:42:29.481	[34minfo[0m	register swagger handler
[RemindMe]2021/12/09 - 17:42:29.482	[34minfo[0m	router register success
[RemindMe]2021/12/09 - 17:42:29.482	[34minfo[0m	use middleware logger
[RemindMe]2021/12/09 - 17:42:29.482	[34minfo[0m	use middleware cors
[RemindMe]2021/12/09 - 17:42:29.482	[34minfo[0m	register swagger handler
[RemindMe]2021/12/09 - 17:42:58.246	[34minfo[0m	register table success
[RemindMe]2021/12/09 - 17:42:58.248	[34minfo[0m	use middleware logger
[RemindMe]2021/12/09 - 17:42:58.248	[34minfo[0m	use middleware cors
[RemindMe]2021/12/09 - 17:42:58.248	[34minfo[0m	register swagger handler
[RemindMe]2021/12/09 - 17:42:58.249	[34minfo[0m	router register success
[RemindMe]2021/12/09 - 17:42:58.249	[34minfo[0m	use middleware logger
[RemindMe]2021/12/09 - 17:42:58.249	[34minfo[0m	use middleware cors
[RemindMe]2021/12/09 - 17:42:58.249	[34minfo[0m	register swagger handler
[RemindMe]2021/12/09 - 17:42:58.249	[34minfo[0m	router register success
[RemindMe]2021/12/09 - 17:44:14.600	[31merror[0m	accept tcp [::]:8888: use of closed network connection
[RemindMe]2021/12/09 - 17:44:29.858	[34minfo[0m	register table success
[RemindMe]2021/12/09 - 17:44:29.860	[34minfo[0m	use middleware logger
[RemindMe]2021/12/09 - 17:44:29.860	[34minfo[0m	use middleware cors
[RemindMe]2021/12/09 - 17:44:29.860	[34minfo[0m	register swagger handler
[RemindMe]2021/12/09 - 17:44:29.860	[34minfo[0m	router register success
[RemindMe]2021/12/09 - 17:44:29.860	[34minfo[0m	use middleware logger
[RemindMe]2021/12/09 - 17:44:29.860	[34minfo[0m	use middleware cors
[RemindMe]2021/12/09 - 17:44:29.861	[34minfo[0m	register swagger handler
[RemindMe]2021/12/09 - 17:44:29.861	[34minfo[0m	router register success
[RemindMe]2021/12/09 - 17:44:48.875	[31merror[0m	accept tcp [::]:8888: use of closed network connection
[RemindMe]2021/12/09 - 17:45:02.575	[31merror[0m	create operation record error:	{"err": "Error 1406: Data too long for column 'agent' at row 1"}
[RemindMe]2021/12/09 - 17:46:00.846	[31merror[0m	create operation record error:	{"err": "Error 1406: Data too long for column 'agent' at row 1"}
[RemindMe]2021/12/09 - 17:53:57.263	[34minfo[0m	register table success
[RemindMe]2021/12/09 - 17:53:57.265	[34minfo[0m	use middleware logger
[RemindMe]2021/12/09 - 17:53:57.265	[34minfo[0m	use middleware cors
[RemindMe]2021/12/09 - 17:53:57.265	[34minfo[0m	register swagger handler
[RemindMe]2021/12/09 - 17:53:57.265	[34minfo[0m	router register success
[RemindMe]2021/12/09 - 17:53:57.265	[34minfo[0m	use middleware logger
[RemindMe]2021/12/09 - 17:53:57.266	[34minfo[0m	use middleware cors
[RemindMe]2021/12/09 - 17:53:57.266	[34minfo[0m	register swagger handler
[RemindMe]2021/12/09 - 17:53:57.266	[34minfo[0m	router register success
[RemindMe]2021/12/09 - 17:55:18.831	[31merror[0m	accept tcp [::]:8888: use of closed network connection
[RemindMe]2021/12/09 - 17:55:35.215	[34minfo[0m	register table success
[RemindMe]2021/12/09 - 17:55:35.216	[34minfo[0m	use middleware logger
[RemindMe]2021/12/09 - 17:55:35.216	[34minfo[0m	use middleware cors
[RemindMe]2021/12/09 - 17:55:35.216	[34minfo[0m	register swagger handler
[RemindMe]2021/12/09 - 17:55:35.217	[34minfo[0m	router register success
[RemindMe]2021/12/09 - 17:55:35.217	[34minfo[0m	use middleware logger
[RemindMe]2021/12/09 - 17:55:35.217	[34minfo[0m	use middleware cors
[RemindMe]2021/12/09 - 17:55:35.217	[34minfo[0m	register swagger handler
[RemindMe]2021/12/09 - 17:55:35.217	[34minfo[0m	router register success
[RemindMe]2021/12/09 - 17:55:43.968	[31merror[0m	accept tcp [::]:8888: use of closed network connection
[RemindMe]2021/12/09 - 17:55:55.712	[34minfo[0m	register table success
[RemindMe]2021/12/09 - 17:55:55.714	[34minfo[0m	use middleware logger
[RemindMe]2021/12/09 - 17:55:55.714	[34minfo[0m	use middleware cors
[RemindMe]2021/12/09 - 17:55:55.714	[34minfo[0m	register swagger handler
[RemindMe]2021/12/09 - 17:55:55.714	[34minfo[0m	router register success
[RemindMe]2021/12/09 - 17:55:55.715	[34minfo[0m	use middleware logger
[RemindMe]2021/12/09 - 17:55:55.715	[34minfo[0m	use middleware cors
[RemindMe]2021/12/09 - 17:55:55.715	[34minfo[0m	register swagger handler
[RemindMe]2021/12/09 - 17:55:55.715	[34minfo[0m	router register success
[RemindMe]2021/12/09 - 17:56:05.955	[31merror[0m	accept tcp [::]:8888: use of closed network connection
[RemindMe]2021/12/09 - 17:56:18.641	[34minfo[0m	register table success
[RemindMe]2021/12/09 - 17:56:18.642	[34minfo[0m	use middleware logger
[RemindMe]2021/12/09 - 17:56:18.642	[34minfo[0m	use middleware cors
[RemindMe]2021/12/09 - 17:56:18.642	[34minfo[0m	register swagger handler
[RemindMe]2021/12/09 - 17:56:18.644	[34minfo[0m	router register success
[RemindMe]2021/12/09 - 17:56:18.644	[34minfo[0m	use middleware logger
[RemindMe]2021/12/09 - 17:56:18.644	[34minfo[0m	use middleware cors
[RemindMe]2021/12/09 - 17:56:18.644	[34minfo[0m	register swagger handler
[RemindMe]2021/12/09 - 17:56:18.644	[34minfo[0m	router register success
[RemindMe]2021/12/09 - 17:57:54.936	[31merror[0m	accept tcp [::]:8888: use of closed network connection
[RemindMe]2021/12/09 - 17:57:57.486	[31merror[0m	accept tcp [::]:8000: use of closed network connection
[RemindMe]2021/12/09 - 17:58:06.390	[34minfo[0m	register table success
[RemindMe]2021/12/09 - 17:58:06.391	[34minfo[0m	use middleware logger
[RemindMe]2021/12/09 - 17:58:06.391	[34minfo[0m	use middleware cors
[RemindMe]2021/12/09 - 17:58:06.391	[34minfo[0m	register swagger handler
[RemindMe]2021/12/09 - 17:58:06.391	[34minfo[0m	router register success
[RemindMe]2021/12/09 - 17:58:06.391	[34minfo[0m	use middleware logger
[RemindMe]2021/12/09 - 17:58:06.391	[34minfo[0m	use middleware cors
[RemindMe]2021/12/09 - 17:58:06.391	[34minfo[0m	register swagger handler
[RemindMe]2021/12/09 - 17:58:06.391	[34minfo[0m	router register success
[RemindMe]2021/12/09 - 17:58:06.391	[31merror[0m	net.FileListener error: file file+net : getsockopt: socket operation on non-socket
[RemindMe]2021/12/09 - 17:58:06.391	[31merror[0m	net.FileListener error: file file+net : setnonblock: inappropriate ioctl for device
[RemindMe]2021/12/09 - 17:58:16.681	[34minfo[0m	register table success
[RemindMe]2021/12/09 - 17:58:16.682	[34minfo[0m	use middleware logger
[RemindMe]2021/12/09 - 17:58:16.682	[34minfo[0m	use middleware cors
[RemindMe]2021/12/09 - 17:58:16.682	[34minfo[0m	register swagger handler
[RemindMe]2021/12/09 - 17:58:16.683	[34minfo[0m	router register success
[RemindMe]2021/12/09 - 17:58:20.282	[31merror[0m	create operation record error:	{"err": "Error 1406: Data too long for column 'agent' at row 1"}
[RemindMe]2021/12/09 - 17:58:20.358	[31merror[0m	create operation record error:	{"err": "Error 1406: Data too long for column 'agent' at row 1"}
[RemindMe]2021/12/09 - 18:33:00.507	[31merror[0m	accept tcp [::]:8000: use of closed network connection
[RemindMe]2021/12/09 - 18:33:20.895	[34minfo[0m	register table success
[RemindMe]2021/12/09 - 18:33:20.897	[34minfo[0m	use middleware logger
[RemindMe]2021/12/09 - 18:33:20.897	[34minfo[0m	use middleware cors
[RemindMe]2021/12/09 - 18:33:20.897	[34minfo[0m	register swagger handler
[RemindMe]2021/12/09 - 18:33:20.897	[34minfo[0m	router register success
[RemindMe]2021/12/09 - 18:33:28.991	[31merror[0m	create operation record error:	{"err": "Error 1406: Data too long for column 'agent' at row 1"}
[RemindMe]2021/12/09 - 18:33:37.199	[31merror[0m	create operation record error:	{"err": "Error 1406: Data too long for column 'agent' at row 1"}
[RemindMe]2021/12/09 - 18:33:38.292	[31merror[0m	create operation record error:	{"err": "Error 1406: Data too long for column 'agent' at row 1"}
[RemindMe]2021/12/09 - 18:33:50.778	[31merror[0m	create operation record error:	{"err": "Error 1406: Data too long for column 'agent' at row 1"}
[RemindMe]2021/12/09 - 18:35:03.449	[31merror[0m	create operation record error:	{"err": "Error 1406: Data too long for column 'agent' at row 1"}
[RemindMe]2021/12/09 - 18:38:17.974	[31merror[0m	create operation record error:	{"err": "Error 1406: Data too long for column 'agent' at row 1"}
[RemindMe]2021/12/09 - 18:38:26.865	[31merror[0m	create operation record error:	{"err": "Error 1406: Data too long for column 'agent' at row 1"}
[RemindMe]2021/12/09 - 18:38:29.746	[31merror[0m	accept tcp [::]:8000: use of closed network connection
[RemindMe]2021/12/09 - 18:38:33.523	[34minfo[0m	register table success
[RemindMe]2021/12/09 - 18:38:33.525	[34minfo[0m	use middleware logger
[RemindMe]2021/12/09 - 18:38:33.525	[34minfo[0m	use middleware cors
[RemindMe]2021/12/09 - 18:38:33.525	[34minfo[0m	register swagger handler
[RemindMe]2021/12/09 - 18:38:33.525	[34minfo[0m	router register success
[RemindMe]2021/12/09 - 18:38:38.535	[31merror[0m	create operation record error:	{"err": "Error 1406: Data too long for column 'agent' at row 1"}
[RemindMe]2021/12/09 - 18:38:53.518	[31merror[0m	create operation record error:	{"err": "Error 1406: Data too long for column 'agent' at row 1"}
[RemindMe]2021/12/09 - 18:38:59.671	[31merror[0m	accept tcp [::]:8000: use of closed network connection
[RemindMe]2021/12/09 - 18:39:30.346	[34minfo[0m	register table success
[RemindMe]2021/12/09 - 18:39:30.348	[34minfo[0m	use middleware logger
[RemindMe]2021/12/09 - 18:39:30.348	[34minfo[0m	use middleware cors
[RemindMe]2021/12/09 - 18:39:30.348	[34minfo[0m	register swagger handler
[RemindMe]2021/12/09 - 18:39:30.348	[34minfo[0m	router register success
[RemindMe]2021/12/09 - 18:39:34.745	[31merror[0m	create operation record error:	{"err": "Error 1406: Data too long for column 'agent' at row 1"}
[RemindMe]2021/12/09 - 18:39:35.544	[31merror[0m	create operation record error:	{"err": "Error 1406: Data too long for column 'agent' at row 1"}
[RemindMe]2021/12/09 - 18:39:56.497	[31merror[0m	create operation record error:	{"err": "Error 1406: Data too long for column 'agent' at row 1"}
[RemindMe]2021/12/09 - 18:39:57.602	[31merror[0m	create operation record error:	{"err": "Error 1406: Data too long for column 'agent' at row 1"}
[RemindMe]2021/12/09 - 18:41:07.563	[34minfo[0m	register table success
[RemindMe]2021/12/09 - 18:41:07.564	[34minfo[0m	use middleware logger
[RemindMe]2021/12/09 - 18:41:07.564	[34minfo[0m	use middleware cors
[RemindMe]2021/12/09 - 18:41:07.564	[34minfo[0m	register swagger handler
[RemindMe]2021/12/09 - 18:41:07.564	[34minfo[0m	router register success
[RemindMe]2021/12/09 - 18:42:02.635	[34minfo[0m	register table success
[RemindMe]2021/12/09 - 18:42:02.636	[34minfo[0m	use middleware logger
[RemindMe]2021/12/09 - 18:42:02.636	[34minfo[0m	use middleware cors
[RemindMe]2021/12/09 - 18:42:02.636	[34minfo[0m	register swagger handler
[RemindMe]2021/12/09 - 18:42:02.636	[34minfo[0m	router register success
[RemindMe]2021/12/09 - 18:42:08.411	[31merror[0m	create operation record error:	{"err": "Error 1406: Data too long for column 'agent' at row 1"}
[RemindMe]2021/12/09 - 18:43:02.571	[34minfo[0m	register table success
[RemindMe]2021/12/09 - 18:43:02.572	[34minfo[0m	use middleware logger
[RemindMe]2021/12/09 - 18:43:02.572	[34minfo[0m	use middleware cors
[RemindMe]2021/12/09 - 18:43:02.572	[34minfo[0m	register swagger handler
[RemindMe]2021/12/09 - 18:43:02.572	[34minfo[0m	router register success
[RemindMe]2021/12/09 - 18:44:09.742	[31merror[0m	accept tcp [::]:8000: use of closed network connection
[RemindMe]2021/12/09 - 18:44:14.959	[34minfo[0m	register table success
[RemindMe]2021/12/09 - 18:44:14.960	[34minfo[0m	redis connect ping response:	{"pong": "PONG"}
[RemindMe]2021/12/09 - 18:44:14.961	[34minfo[0m	use middleware logger
[RemindMe]2021/12/09 - 18:44:14.961	[34minfo[0m	use middleware cors
[RemindMe]2021/12/09 - 18:44:14.961	[34minfo[0m	register swagger handler
[RemindMe]2021/12/09 - 18:44:14.961	[34minfo[0m	router register success
[RemindMe]2021/12/09 - 18:44:24.797	[31merror[0m	create operation record error:	{"err": "Error 1406: Data too long for column 'agent' at row 1"}
[RemindMe]2021/12/09 - 18:44:26.087	[31merror[0m	create operation record error:	{"err": "Error 1406: Data too long for column 'agent' at row 1"}
[RemindMe]2021/12/09 - 18:44:29.279	[31merror[0m	create operation record error:	{"err": "Error 1406: Data too long for column 'agent' at row 1"}
[RemindMe]2021/12/09 - 18:44:29.304	[31merror[0m	create operation record error:	{"err": "Error 1406: Data too long for column 'agent' at row 1"}
[RemindMe]2021/12/09 - 18:44:29.334	[31merror[0m	create operation record error:	{"err": "Error 1406: Data too long for column 'agent' at row 1"}
[RemindMe]2021/12/09 - 18:46:11.427	[31merror[0m	create operation record error:	{"err": "Error 1406: Data too long for column 'agent' at row 1"}
[RemindMe]2021/12/09 - 18:46:51.129	[31merror[0m	accept tcp [::]:8000: use of closed network connection
[RemindMe]2021/12/09 - 18:46:56.330	[34minfo[0m	register table success
[RemindMe]2021/12/09 - 18:46:56.331	[34minfo[0m	redis connect ping response:	{"pong": "PONG"}
[RemindMe]2021/12/09 - 18:46:56.332	[34minfo[0m	use middleware logger
[RemindMe]2021/12/09 - 18:46:56.332	[34minfo[0m	use middleware cors
[RemindMe]2021/12/09 - 18:46:56.332	[34minfo[0m	register swagger handler
[RemindMe]2021/12/09 - 18:46:56.332	[34minfo[0m	router register success
[RemindMe]2021/12/09 - 18:47:00.134	[31merror[0m	create operation record error:	{"err": "Error 1406: Data too long for column 'agent' at row 1"}
[RemindMe]2021/12/09 - 18:47:01.414	[31merror[0m	create operation record error:	{"err": "Error 1406: Data too long for column 'agent' at row 1"}
[RemindMe]2021/12/09 - 18:47:04.690	[31merror[0m	create operation record error:	{"err": "Error 1406: Data too long for column 'agent' at row 1"}
[RemindMe]2021/12/09 - 18:47:04.714	[31merror[0m	create operation record error:	{"err": "Error 1406: Data too long for column 'agent' at row 1"}
[RemindMe]2021/12/09 - 18:47:04.739	[31merror[0m	create operation record error:	{"err": "Error 1406: Data too long for column 'agent' at row 1"}
[RemindMe]2021/12/09 - 18:47:25.491	[31merror[0m	accept tcp [::]:8000: use of closed network connection
[RemindMe]2021/12/09 - 18:47:33.842	[34minfo[0m	register table success
[RemindMe]2021/12/09 - 18:47:33.843	[34minfo[0m	redis connect ping response:	{"pong": "PONG"}
[RemindMe]2021/12/09 - 18:47:33.844	[34minfo[0m	use middleware logger
[RemindMe]2021/12/09 - 18:47:33.844	[34minfo[0m	use middleware cors
[RemindMe]2021/12/09 - 18:47:33.844	[34minfo[0m	register swagger handler
[RemindMe]2021/12/09 - 18:47:33.844	[34minfo[0m	router register success
[RemindMe]2021/12/09 - 18:47:37.570	[31merror[0m	create operation record error:	{"err": "Error 1406: Data too long for column 'agent' at row 1"}
[RemindMe]2021/12/09 - 18:47:38.534	[31merror[0m	create operation record error:	{"err": "Error 1406: Data too long for column 'agent' at row 1"}
[RemindMe]2021/12/09 - 18:47:39.974	[31merror[0m	create operation record error:	{"err": "Error 1406: Data too long for column 'agent' at row 1"}
[RemindMe]2021/12/09 - 18:47:40.720	[31merror[0m	create operation record error:	{"err": "Error 1406: Data too long for column 'agent' at row 1"}
[RemindMe]2021/12/09 - 18:48:08.548	[31merror[0m	create operation record error:	{"err": "Error 1406: Data too long for column 'agent' at row 1"}
[RemindMe]2021/12/09 - 18:48:08.575	[31merror[0m	create operation record error:	{"err": "Error 1406: Data too long for column 'agent' at row 1"}
[RemindMe]2021/12/09 - 18:48:08.605	[31merror[0m	create operation record error:	{"err": "Error 1406: Data too long for column 'agent' at row 1"}
[RemindMe]2021/12/09 - 18:48:46.758	[31merror[0m	accept tcp [::]:8000: use of closed network connection
[RemindMe]2021/12/09 - 18:48:52.069	[34minfo[0m	register table success
[RemindMe]2021/12/09 - 18:48:52.070	[34minfo[0m	redis connect ping response:	{"pong": "PONG"}
[RemindMe]2021/12/09 - 18:48:52.070	[34minfo[0m	use middleware logger
[RemindMe]2021/12/09 - 18:48:52.070	[34minfo[0m	use middleware cors
[RemindMe]2021/12/09 - 18:48:52.071	[34minfo[0m	register swagger handler
[RemindMe]2021/12/09 - 18:48:52.071	[34minfo[0m	router register success
[RemindMe]2021/12/09 - 18:48:56.775	[31merror[0m	create operation record error:	{"err": "Error 1406: Data too long for column 'agent' at row 1"}
[RemindMe]2021/12/09 - 18:48:57.694	[31merror[0m	create operation record error:	{"err": "Error 1406: Data too long for column 'agent' at row 1"}
[RemindMe]2021/12/09 - 18:49:02.562	[31merror[0m	create operation record error:	{"err": "Error 1406: Data too long for column 'agent' at row 1"}
[RemindMe]2021/12/09 - 18:49:02.588	[31merror[0m	create operation record error:	{"err": "Error 1406: Data too long for column 'agent' at row 1"}
[RemindMe]2021/12/09 - 18:49:02.614	[31merror[0m	create operation record error:	{"err": "Error 1406: Data too long for column 'agent' at row 1"}
[RemindMe]2021/12/09 - 18:50:59.484	[31merror[0m	accept tcp [::]:8000: use of closed network connection
[RemindMe]2021/12/09 - 18:51:04.878	[34minfo[0m	register table success
[RemindMe]2021/12/09 - 18:51:04.879	[34minfo[0m	redis connect ping response:	{"pong": "PONG"}
[RemindMe]2021/12/09 - 18:51:04.879	[34minfo[0m	use middleware logger
[RemindMe]2021/12/09 - 18:51:04.879	[34minfo[0m	use middleware cors
[RemindMe]2021/12/09 - 18:51:04.879	[34minfo[0m	register swagger handler
[RemindMe]2021/12/09 - 18:51:04.879	[34minfo[0m	router register success
[RemindMe]2021/12/09 - 18:51:09.631	[31merror[0m	create operation record error:	{"err": "Error 1406: Data too long for column 'agent' at row 1"}
[RemindMe]2021/12/09 - 18:51:10.614	[31merror[0m	create operation record error:	{"err": "Error 1406: Data too long for column 'agent' at row 1"}
[RemindMe]2021/12/09 - 18:51:12.763	[31merror[0m	create operation record error:	{"err": "Error 1406: Data too long for column 'agent' at row 1"}
[RemindMe]2021/12/09 - 18:51:12.789	[31merror[0m	create operation record error:	{"err": "Error 1406: Data too long for column 'agent' at row 1"}
[RemindMe]2021/12/09 - 18:51:12.818	[31merror[0m	create operation record error:	{"err": "Error 1406: Data too long for column 'agent' at row 1"}
[RemindMe]2021/12/09 - 18:53:01.635	[31merror[0m	accept tcp [::]:8000: use of closed network connection
[RemindMe]2021/12/09 - 18:53:07.022	[34minfo[0m	register table success
[RemindMe]2021/12/09 - 18:53:07.023	[34minfo[0m	redis connect ping response:	{"pong": "PONG"}
[RemindMe]2021/12/09 - 18:53:07.024	[34minfo[0m	use middleware logger
[RemindMe]2021/12/09 - 18:53:07.024	[34minfo[0m	use middleware cors
[RemindMe]2021/12/09 - 18:53:07.024	[34minfo[0m	register swagger handler
[RemindMe]2021/12/09 - 18:53:07.024	[34minfo[0m	router register success
[RemindMe]2021/12/09 - 18:53:10.765	[31merror[0m	create operation record error:	{"err": "Error 1406: Data too long for column 'agent' at row 1"}
[RemindMe]2021/12/09 - 18:53:11.763	[31merror[0m	create operation record error:	{"err": "Error 1406: Data too long for column 'agent' at row 1"}
[RemindMe]2021/12/09 - 18:53:13.206	[31merror[0m	create operation record error:	{"err": "Error 1406: Data too long for column 'agent' at row 1"}
[RemindMe]2021/12/09 - 18:53:13.945	[31merror[0m	create operation record error:	{"err": "Error 1406: Data too long for column 'agent' at row 1"}
[RemindMe]2021/12/09 - 18:53:17.382	[31merror[0m	create operation record error:	{"err": "Error 1406: Data too long for column 'agent' at row 1"}
[RemindMe]2021/12/09 - 18:53:17.405	[31merror[0m	GetRedisJWT 失败!	{"err": "That's not even a token"}
[RemindMe]2021/12/09 - 18:53:17.407	[31merror[0m	create operation record error:	{"err": "Error 1406: Data too long for column 'agent' at row 1"}
[RemindMe]2021/12/09 - 18:53:17.431	[31merror[0m	create operation record error:	{"err": "Error 1406: Data too long for column 'agent' at row 1"}
[RemindMe]2021/12/09 - 18:57:21.660	[31merror[0m	accept tcp [::]:8000: use of closed network connection
[RemindMe]2021/12/09 - 18:57:27.127	[34minfo[0m	register table success
[RemindMe]2021/12/09 - 18:57:27.128	[34minfo[0m	redis connect ping response:	{"pong": "PONG"}
[RemindMe]2021/12/09 - 18:57:27.128	[34minfo[0m	use middleware logger
[RemindMe]2021/12/09 - 18:57:27.128	[34minfo[0m	use middleware cors
[RemindMe]2021/12/09 - 18:57:27.129	[34minfo[0m	register swagger handler
[RemindMe]2021/12/09 - 18:57:27.129	[34minfo[0m	router register success
[RemindMe]2021/12/09 - 18:57:30.760	[31merror[0m	create operation record error:	{"err": "Error 1406: Data too long for column 'agent' at row 1"}
[RemindMe]2021/12/09 - 18:57:31.849	[31merror[0m	create operation record error:	{"err": "Error 1406: Data too long for column 'agent' at row 1"}
[RemindMe]2021/12/09 - 18:57:35.428	[31merror[0m	create operation record error:	{"err": "Error 1406: Data too long for column 'agent' at row 1"}
[RemindMe]2021/12/09 - 18:57:35.452	[31merror[0m	create operation record error:	{"err": "Error 1406: Data too long for column 'agent' at row 1"}
[RemindMe]2021/12/09 - 18:57:35.479	[31merror[0m	create operation record error:	{"err": "Error 1406: Data too long for column 'agent' at row 1"}
[RemindMe]2021/12/09 - 19:02:09.427	[34minfo[0m	register table success
[RemindMe]2021/12/09 - 19:02:09.428	[34minfo[0m	redis connect ping response:	{"pong": "PONG"}
[RemindMe]2021/12/09 - 19:02:09.429	[34minfo[0m	use middleware logger
[RemindMe]2021/12/09 - 19:02:09.429	[34minfo[0m	use middleware cors
[RemindMe]2021/12/09 - 19:02:09.429	[34minfo[0m	register swagger handler
[RemindMe]2021/12/09 - 19:02:09.429	[34minfo[0m	router register success
[RemindMe]2021/12/09 - 19:02:09.430	[31merror[0m	net.Listen error: listen tcp :8000: bind: address already in use
[RemindMe]2021/12/09 - 19:02:15.019	[31merror[0m	create operation record error:	{"err": "Error 1406: Data too long for column 'agent' at row 1"}
[RemindMe]2021/12/09 - 19:02:16.221	[31merror[0m	create operation record error:	{"err": "Error 1406: Data too long for column 'agent' at row 1"}
[RemindMe]2021/12/09 - 19:02:17.986	[31merror[0m	accept tcp [::]:8000: use of closed network connection
[RemindMe]2021/12/09 - 19:02:23.680	[34minfo[0m	register table success
[RemindMe]2021/12/09 - 19:02:23.681	[34minfo[0m	redis connect ping response:	{"pong": "PONG"}
[RemindMe]2021/12/09 - 19:02:23.682	[34minfo[0m	use middleware logger
[RemindMe]2021/12/09 - 19:02:23.682	[34minfo[0m	use middleware cors
[RemindMe]2021/12/09 - 19:02:23.682	[34minfo[0m	register swagger handler
[RemindMe]2021/12/09 - 19:02:23.682	[34minfo[0m	router register success
[RemindMe]2021/12/09 - 19:02:41.598	[31merror[0m	create operation record error:	{"err": "Error 1406: Data too long for column 'agent' at row 1"}
[RemindMe]2021/12/09 - 19:02:42.587	[31merror[0m	create operation record error:	{"err": "Error 1406: Data too long for column 'agent' at row 1"}
[RemindMe]2021/12/09 - 19:08:06.115	[31merror[0m	accept tcp [::]:8000: use of closed network connection
[RemindMe]2021/12/09 - 19:08:11.242	[34minfo[0m	register table success
[RemindMe]2021/12/09 - 19:08:11.243	[34minfo[0m	redis connect ping response:	{"pong": "PONG"}
[RemindMe]2021/12/09 - 19:08:11.244	[34minfo[0m	use middleware logger
[RemindMe]2021/12/09 - 19:08:11.244	[34minfo[0m	use middleware cors
[RemindMe]2021/12/09 - 19:08:11.244	[34minfo[0m	register swagger handler
[RemindMe]2021/12/09 - 19:08:11.244	[34minfo[0m	router register success
