[RemindMe]2021/12/08 - 09:17:44.687	[31merror[0m	create operation record error:	{"err": "Error 1406: Data too long for column 'agent' at row 1"}
[RemindMe]2021/12/08 - 09:41:13.108	[31merror[0m	create operation record error:	{"err": "Error 1406: Data too long for column 'agent' at row 1"}
[RemindMe]2021/12/08 - 09:51:47.060	[31merror[0m	create operation record error:	{"err": "Error 1406: Data too long for column 'agent' at row 1"}
[RemindMe]2021/12/08 - 10:37:19.584	[31merror[0m	accept tcp [::]:8888: use of closed network connection
[RemindMe]2021/12/08 - 10:37:39.735	[34minfo[0m	register table success
[RemindMe]2021/12/08 - 10:37:39.739	[34minfo[0m	use middleware logger
[RemindMe]2021/12/08 - 10:37:39.739	[34minfo[0m	use middleware cors
[RemindMe]2021/12/08 - 10:37:39.739	[34minfo[0m	register swagger handler
[RemindMe]2021/12/08 - 10:37:39.740	[34minfo[0m	router register success
[RemindMe]2021/12/08 - 10:37:39.740	[34minfo[0m	server run success on 	{"address": ":8888"}
[RemindMe]2021/12/08 - 10:38:29.660	[31merror[0m	accept tcp [::]:8888: use of closed network connection
[RemindMe]2021/12/08 - 10:38:35.436	[34minfo[0m	register table success
[RemindMe]2021/12/08 - 10:38:35.437	[34minfo[0m	use middleware logger
[RemindMe]2021/12/08 - 10:38:35.437	[34minfo[0m	use middleware cors
[RemindMe]2021/12/08 - 10:38:35.437	[34minfo[0m	register swagger handler
[RemindMe]2021/12/08 - 10:38:35.439	[34minfo[0m	router register success
[RemindMe]2021/12/08 - 10:38:35.439	[34minfo[0m	server run success on 	{"address": ":8888"}
[RemindMe]2021/12/08 - 10:38:47.187	[31merror[0m	create operation record error:	{"err": "Error 1406: Data too long for column 'agent' at row 1"}
[RemindMe]2021/12/08 - 10:38:48.155	[31merror[0m	create operation record error:	{"err": "Error 1406: Data too long for column 'agent' at row 1"}
[RemindMe]2021/12/08 - 10:38:56.770	[31merror[0m	create operation record error:	{"err": "Error 1406: Data too long for column 'agent' at row 1"}
[RemindMe]2021/12/08 - 11:07:10.635	[31merror[0m	create operation record error:	{"err": "Error 1406: Data too long for column 'agent' at row 1"}
[RemindMe]2021/12/08 - 11:07:15.819	[31merror[0m	create operation record error:	{"err": "Error 1406: Data too long for column 'agent' at row 1"}
[RemindMe]2021/12/08 - 11:18:37.059	[31merror[0m	create operation record error:	{"err": "Error 1406: Data too long for column 'agent' at row 1"}
[RemindMe]2021/12/08 - 11:18:42.620	[31merror[0m	create operation record error:	{"err": "Error 1406: Data too long for column 'agent' at row 1"}
[RemindMe]2021/12/08 - 11:49:15.959	[31merror[0m	accept tcp [::]:8888: use of closed network connection
[RemindMe]2021/12/08 - 11:49:26.064	[34minfo[0m	register table success
[RemindMe]2021/12/08 - 11:49:26.066	[34minfo[0m	use middleware logger
[RemindMe]2021/12/08 - 11:49:26.066	[34minfo[0m	use middleware cors
[RemindMe]2021/12/08 - 11:49:26.066	[34minfo[0m	register swagger handler
[RemindMe]2021/12/08 - 11:49:26.067	[34minfo[0m	router register success
[RemindMe]2021/12/08 - 11:49:26.067	[34minfo[0m	server run success on 	{"address": ":8888"}
[RemindMe]2021/12/08 - 11:49:35.569	[31merror[0m	create operation record error:	{"err": "Error 1406: Data too long for column 'agent' at row 1"}
[RemindMe]2021/12/08 - 11:49:55.085	[31merror[0m	create operation record error:	{"err": "Error 1406: Data too long for column 'agent' at row 1"}
[RemindMe]2021/12/08 - 11:50:00.092	[31merror[0m	create operation record error:	{"err": "Error 1406: Data too long for column 'agent' at row 1"}
[RemindMe]2021/12/08 - 11:50:40.644	[31merror[0m	create operation record error:	{"err": "Error 1406: Data too long for column 'agent' at row 1"}
[RemindMe]2021/12/08 - 11:50:41.638	[31merror[0m	create operation record error:	{"err": "Error 1406: Data too long for column 'agent' at row 1"}
[RemindMe]2021/12/08 - 11:50:56.251	[31merror[0m	create operation record error:	{"err": "Error 1406: Data too long for column 'agent' at row 1"}
[RemindMe]2021/12/08 - 13:37:02.256	[31merror[0m	create operation record error:	{"err": "Error 1406: Data too long for column 'agent' at row 1"}
[RemindMe]2021/12/08 - 13:37:11.854	[31merror[0m	create operation record error:	{"err": "Error 1406: Data too long for column 'agent' at row 1"}
[RemindMe]2021/12/08 - 13:37:15.495	[31merror[0m	create operation record error:	{"err": "Error 1406: Data too long for column 'agent' at row 1"}
[RemindMe]2021/12/08 - 13:38:11.711	[31merror[0m	create operation record error:	{"err": "Error 1406: Data too long for column 'agent' at row 1"}
[RemindMe]2021/12/08 - 13:38:30.149	[31merror[0m	create operation record error:	{"err": "Error 1406: Data too long for column 'agent' at row 1"}
[RemindMe]2021/12/08 - 13:38:34.701	[31merror[0m	create operation record error:	{"err": "Error 1406: Data too long for column 'agent' at row 1"}
[RemindMe]2021/12/08 - 13:39:37.515	[31merror[0m	create operation record error:	{"err": "Error 1406: Data too long for column 'agent' at row 1"}
[RemindMe]2021/12/08 - 13:39:41.458	[31merror[0m	create operation record error:	{"err": "Error 1406: Data too long for column 'agent' at row 1"}
[RemindMe]2021/12/08 - 13:40:20.507	[31merror[0m	create operation record error:	{"err": "Error 1406: Data too long for column 'agent' at row 1"}
[RemindMe]2021/12/08 - 13:40:24.987	[31merror[0m	create operation record error:	{"err": "Error 1406: Data too long for column 'agent' at row 1"}
[RemindMe]2021/12/08 - 13:43:10.091	[31merror[0m	create operation record error:	{"err": "Error 1406: Data too long for column 'agent' at row 1"}
[RemindMe]2021/12/08 - 13:43:16.477	[31merror[0m	create operation record error:	{"err": "Error 1406: Data too long for column 'agent' at row 1"}
[RemindMe]2021/12/08 - 13:43:20.626	[31merror[0m	create operation record error:	{"err": "Error 1406: Data too long for column 'agent' at row 1"}
[RemindMe]2021/12/08 - 13:43:24.484	[31merror[0m	create operation record error:	{"err": "Error 1406: Data too long for column 'agent' at row 1"}
[RemindMe]2021/12/08 - 13:43:34.921	[31merror[0m	create operation record error:	{"err": "Error 1406: Data too long for column 'agent' at row 1"}
[RemindMe]2021/12/08 - 13:43:35.969	[31merror[0m	create operation record error:	{"err": "Error 1406: Data too long for column 'agent' at row 1"}
[RemindMe]2021/12/08 - 13:43:40.049	[31merror[0m	create operation record error:	{"err": "Error 1406: Data too long for column 'agent' at row 1"}
[RemindMe]2021/12/08 - 13:45:20.005	[31merror[0m	create operation record error:	{"err": "Error 1406: Data too long for column 'agent' at row 1"}
[RemindMe]2021/12/08 - 13:45:26.920	[31merror[0m	create operation record error:	{"err": "Error 1406: Data too long for column 'agent' at row 1"}
[RemindMe]2021/12/08 - 13:45:27.770	[31merror[0m	create operation record error:	{"err": "Error 1406: Data too long for column 'agent' at row 1"}
[RemindMe]2021/12/08 - 13:45:31.931	[31merror[0m	create operation record error:	{"err": "Error 1406: Data too long for column 'agent' at row 1"}
[RemindMe]2021/12/08 - 13:47:00.763	[31merror[0m	create operation record error:	{"err": "Error 1406: Data too long for column 'agent' at row 1"}
[RemindMe]2021/12/08 - 13:47:01.622	[31merror[0m	create operation record error:	{"err": "Error 1406: Data too long for column 'agent' at row 1"}
[RemindMe]2021/12/08 - 13:47:05.012	[31merror[0m	create operation record error:	{"err": "Error 1406: Data too long for column 'agent' at row 1"}
[RemindMe]2021/12/08 - 13:49:30.274	[31merror[0m	create operation record error:	{"err": "Error 1406: Data too long for column 'agent' at row 1"}
[RemindMe]2021/12/08 - 13:49:31.060	[31merror[0m	create operation record error:	{"err": "Error 1406: Data too long for column 'agent' at row 1"}
[RemindMe]2021/12/08 - 13:50:27.045	[31merror[0m	create operation record error:	{"err": "Error 1406: Data too long for column 'agent' at row 1"}
[RemindMe]2021/12/08 - 13:50:36.864	[31merror[0m	create operation record error:	{"err": "Error 1406: Data too long for column 'agent' at row 1"}
[RemindMe]2021/12/08 - 13:50:37.839	[31merror[0m	create operation record error:	{"err": "Error 1406: Data too long for column 'agent' at row 1"}
[RemindMe]2021/12/08 - 13:50:59.052	[31merror[0m	create operation record error:	{"err": "Error 1406: Data too long for column 'agent' at row 1"}
[RemindMe]2021/12/08 - 13:51:00.867	[31merror[0m	create operation record error:	{"err": "Error 1406: Data too long for column 'agent' at row 1"}
[RemindMe]2021/12/08 - 13:51:04.710	[31merror[0m	create operation record error:	{"err": "Error 1406: Data too long for column 'agent' at row 1"}
[RemindMe]2021/12/08 - 13:51:55.386	[31merror[0m	create operation record error:	{"err": "Error 1406: Data too long for column 'agent' at row 1"}
[RemindMe]2021/12/08 - 13:51:57.061	[31merror[0m	create operation record error:	{"err": "Error 1406: Data too long for column 'agent' at row 1"}
[RemindMe]2021/12/08 - 13:52:01.954	[31merror[0m	create operation record error:	{"err": "Error 1406: Data too long for column 'agent' at row 1"}
[RemindMe]2021/12/08 - 13:53:54.913	[31merror[0m	create operation record error:	{"err": "Error 1406: Data too long for column 'agent' at row 1"}
[RemindMe]2021/12/08 - 14:17:03.687	[31merror[0m	create operation record error:	{"err": "Error 1406: Data too long for column 'agent' at row 1"}
[RemindMe]2021/12/08 - 14:17:54.672	[31merror[0m	create operation record error:	{"err": "Error 1406: Data too long for column 'agent' at row 1"}
[RemindMe]2021/12/08 - 17:03:17.454	[31merror[0m	create operation record error:	{"err": "Error 1406: Data too long for column 'agent' at row 1"}
[RemindMe]2021/12/08 - 17:03:18.324	[31merror[0m	create operation record error:	{"err": "Error 1406: Data too long for column 'agent' at row 1"}
[RemindMe]2021/12/08 - 17:06:36.883	[31merror[0m	create operation record error:	{"err": "Error 1406: Data too long for column 'agent' at row 1"}
[RemindMe]2021/12/08 - 17:07:30.610	[31merror[0m	create operation record error:	{"err": "Error 1406: Data too long for column 'agent' at row 1"}
[RemindMe]2021/12/08 - 17:08:22.048	[31merror[0m	create operation record error:	{"err": "Error 1406: Data too long for column 'agent' at row 1"}
[RemindMe]2021/12/08 - 17:08:59.755	[31merror[0m	create operation record error:	{"err": "Error 1406: Data too long for column 'agent' at row 1"}
[RemindMe]2021/12/08 - 17:10:36.530	[31merror[0m	create operation record error:	{"err": "Error 1406: Data too long for column 'agent' at row 1"}
[RemindMe]2021/12/08 - 17:11:32.454	[31merror[0m	create operation record error:	{"err": "Error 1406: Data too long for column 'agent' at row 1"}
[RemindMe]2021/12/08 - 17:11:33.282	[31merror[0m	create operation record error:	{"err": "Error 1406: Data too long for column 'agent' at row 1"}
[RemindMe]2021/12/08 - 17:12:33.268	[31merror[0m	create operation record error:	{"err": "Error 1406: Data too long for column 'agent' at row 1"}
[RemindMe]2021/12/08 - 17:12:34.591	[31merror[0m	create operation record error:	{"err": "Error 1406: Data too long for column 'agent' at row 1"}
[RemindMe]2021/12/08 - 17:12:53.605	[31merror[0m	create operation record error:	{"err": "Error 1406: Data too long for column 'agent' at row 1"}
[RemindMe]2021/12/08 - 17:12:54.425	[31merror[0m	create operation record error:	{"err": "Error 1406: Data too long for column 'agent' at row 1"}
[RemindMe]2021/12/08 - 17:13:12.671	[31merror[0m	accept tcp [::]:8888: use of closed network connection
[RemindMe]2021/12/08 - 17:13:20.624	[34minfo[0m	register table success
[RemindMe]2021/12/08 - 17:13:20.626	[34minfo[0m	use middleware logger
[RemindMe]2021/12/08 - 17:13:20.626	[34minfo[0m	use middleware cors
[RemindMe]2021/12/08 - 17:13:20.626	[34minfo[0m	register swagger handler
[RemindMe]2021/12/08 - 17:13:20.627	[34minfo[0m	router register success
[RemindMe]2021/12/08 - 17:13:20.627	[34minfo[0m	server run success on 	{"address": ":8888"}
[RemindMe]2021/12/08 - 17:13:30.612	[31merror[0m	create operation record error:	{"err": "Error 1406: Data too long for column 'agent' at row 1"}
[RemindMe]2021/12/08 - 17:13:32.324	[31merror[0m	create operation record error:	{"err": "Error 1406: Data too long for column 'agent' at row 1"}
[RemindMe]2021/12/08 - 17:14:06.330	[31merror[0m	create operation record error:	{"err": "Error 1406: Data too long for column 'agent' at row 1"}
[RemindMe]2021/12/08 - 17:14:07.170	[31merror[0m	create operation record error:	{"err": "Error 1406: Data too long for column 'agent' at row 1"}
[RemindMe]2021/12/08 - 17:14:26.392	[31merror[0m	create operation record error:	{"err": "Error 1406: Data too long for column 'agent' at row 1"}
[RemindMe]2021/12/08 - 17:14:27.108	[31merror[0m	create operation record error:	{"err": "Error 1406: Data too long for column 'agent' at row 1"}
[RemindMe]2021/12/08 - 17:20:47.308	[31merror[0m	create operation record error:	{"err": "Error 1406: Data too long for column 'agent' at row 1"}
[RemindMe]2021/12/08 - 17:21:24.240	[31merror[0m	create operation record error:	{"err": "Error 1406: Data too long for column 'agent' at row 1"}
[RemindMe]2021/12/08 - 17:32:51.083	[31merror[0m	create operation record error:	{"err": "Error 1406: Data too long for column 'agent' at row 1"}
[RemindMe]2021/12/08 - 17:33:30.227	[31merror[0m	create operation record error:	{"err": "Error 1406: Data too long for column 'agent' at row 1"}
[RemindMe]2021/12/08 - 17:47:35.759	[31merror[0m	create operation record error:	{"err": "Error 1406: Data too long for column 'agent' at row 1"}
[RemindMe]2021/12/08 - 17:47:56.894	[31merror[0m	create operation record error:	{"err": "Error 1406: Data too long for column 'agent' at row 1"}
[RemindMe]2021/12/08 - 17:48:00.862	[31merror[0m	create operation record error:	{"err": "Error 1406: Data too long for column 'agent' at row 1"}
[RemindMe]2021/12/08 - 17:48:06.175	[31merror[0m	create operation record error:	{"err": "Error 1406: Data too long for column 'agent' at row 1"}
[RemindMe]2021/12/08 - 17:48:08.933	[31merror[0m	create operation record error:	{"err": "Error 1406: Data too long for column 'agent' at row 1"}
[RemindMe]2021/12/08 - 17:48:32.036	[31merror[0m	create operation record error:	{"err": "Error 1406: Data too long for column 'agent' at row 1"}
[RemindMe]2021/12/08 - 17:48:34.231	[31merror[0m	create operation record error:	{"err": "Error 1406: Data too long for column 'agent' at row 1"}
[RemindMe]2021/12/08 - 17:48:36.293	[31merror[0m	create operation record error:	{"err": "Error 1406: Data too long for column 'agent' at row 1"}
[RemindMe]2021/12/08 - 17:48:37.612	[31merror[0m	create operation record error:	{"err": "Error 1406: Data too long for column 'agent' at row 1"}
[RemindMe]2021/12/08 - 17:48:49.379	[31merror[0m	create operation record error:	{"err": "Error 1406: Data too long for column 'agent' at row 1"}
[RemindMe]2021/12/08 - 17:49:19.706	[31merror[0m	create operation record error:	{"err": "Error 1406: Data too long for column 'agent' at row 1"}
[RemindMe]2021/12/08 - 17:49:23.074	[31merror[0m	create operation record error:	{"err": "Error 1406: Data too long for column 'agent' at row 1"}
[RemindMe]2021/12/08 - 17:49:24.050	[31merror[0m	create operation record error:	{"err": "Error 1406: Data too long for column 'agent' at row 1"}
[RemindMe]2021/12/08 - 17:49:27.277	[31merror[0m	create operation record error:	{"err": "Error 1406: Data too long for column 'agent' at row 1"}
[RemindMe]2021/12/08 - 17:50:12.235	[31merror[0m	create operation record error:	{"err": "Error 1406: Data too long for column 'agent' at row 1"}
[RemindMe]2021/12/08 - 17:50:15.449	[31merror[0m	create operation record error:	{"err": "Error 1406: Data too long for column 'agent' at row 1"}
[RemindMe]2021/12/08 - 17:50:21.522	[31merror[0m	create operation record error:	{"err": "Error 1406: Data too long for column 'agent' at row 1"}
[RemindMe]2021/12/08 - 17:50:40.580	[31merror[0m	create operation record error:	{"err": "Error 1406: Data too long for column 'agent' at row 1"}
[RemindMe]2021/12/08 - 17:50:46.370	[31merror[0m	create operation record error:	{"err": "Error 1406: Data too long for column 'agent' at row 1"}
[RemindMe]2021/12/08 - 17:50:49.382	[31merror[0m	create operation record error:	{"err": "Error 1406: Data too long for column 'agent' at row 1"}
[RemindMe]2021/12/08 - 17:51:13.281	[31merror[0m	create operation record error:	{"err": "Error 1406: Data too long for column 'agent' at row 1"}
[RemindMe]2021/12/08 - 17:51:17.146	[31merror[0m	create operation record error:	{"err": "Error 1406: Data too long for column 'agent' at row 1"}
[RemindMe]2021/12/08 - 17:51:54.116	[31merror[0m	create operation record error:	{"err": "Error 1406: Data too long for column 'agent' at row 1"}
[RemindMe]2021/12/08 - 17:51:57.299	[31merror[0m	create operation record error:	{"err": "Error 1406: Data too long for column 'agent' at row 1"}
[RemindMe]2021/12/08 - 17:52:04.235	[31merror[0m	create operation record error:	{"err": "Error 1406: Data too long for column 'agent' at row 1"}
[RemindMe]2021/12/08 - 17:52:07.586	[31merror[0m	create operation record error:	{"err": "Error 1406: Data too long for column 'agent' at row 1"}
[RemindMe]2021/12/08 - 17:52:23.075	[31merror[0m	create operation record error:	{"err": "Error 1406: Data too long for column 'agent' at row 1"}
[RemindMe]2021/12/08 - 17:52:34.671	[31merror[0m	create operation record error:	{"err": "Error 1406: Data too long for column 'agent' at row 1"}
[RemindMe]2021/12/08 - 17:52:40.848	[31merror[0m	create operation record error:	{"err": "Error 1406: Data too long for column 'agent' at row 1"}
[RemindMe]2021/12/08 - 17:53:01.254	[31merror[0m	create operation record error:	{"err": "Error 1406: Data too long for column 'agent' at row 1"}
[RemindMe]2021/12/08 - 17:53:45.560	[31merror[0m	create operation record error:	{"err": "Error 1406: Data too long for column 'agent' at row 1"}
[RemindMe]2021/12/08 - 17:53:48.533	[31merror[0m	create operation record error:	{"err": "Error 1406: Data too long for column 'agent' at row 1"}
[RemindMe]2021/12/08 - 17:53:56.825	[31merror[0m	create operation record error:	{"err": "Error 1406: Data too long for column 'agent' at row 1"}
[RemindMe]2021/12/08 - 18:19:21.851	[31merror[0m	create operation record error:	{"err": "Error 1406: Data too long for column 'agent' at row 1"}
[RemindMe]2021/12/08 - 18:19:51.640	[31merror[0m	create operation record error:	{"err": "Error 1406: Data too long for column 'agent' at row 1"}
[RemindMe]2021/12/08 - 18:20:15.372	[31merror[0m	create operation record error:	{"err": "Error 1406: Data too long for column 'agent' at row 1"}
[RemindMe]2021/12/08 - 18:20:15.415	[31merror[0m	create operation record error:	{"err": "Error 1406: Data too long for column 'agent' at row 1"}
[RemindMe]2021/12/08 - 18:20:15.444	[31merror[0m	create operation record error:	{"err": "Error 1406: Data too long for column 'agent' at row 1"}
[RemindMe]2021/12/08 - 18:20:22.235	[31merror[0m	create operation record error:	{"err": "Error 1406: Data too long for column 'agent' at row 1"}
[RemindMe]2021/12/08 - 18:20:22.307	[31merror[0m	create operation record error:	{"err": "Error 1406: Data too long for column 'agent' at row 1"}
[RemindMe]2021/12/08 - 18:20:34.952	[31merror[0m	create operation record error:	{"err": "Error 1406: Data too long for column 'agent' at row 1"}
[RemindMe]2021/12/08 - 18:20:35.017	[31merror[0m	create operation record error:	{"err": "Error 1406: Data too long for column 'agent' at row 1"}
[RemindMe]2021/12/08 - 18:21:02.477	[31merror[0m	create operation record error:	{"err": "Error 1406: Data too long for column 'agent' at row 1"}
[RemindMe]2021/12/08 - 18:21:04.332	[31merror[0m	create operation record error:	{"err": "Error 1406: Data too long for column 'agent' at row 1"}
[RemindMe]2021/12/08 - 18:21:06.590	[31merror[0m	create operation record error:	{"err": "Error 1406: Data too long for column 'agent' at row 1"}
[RemindMe]2021/12/08 - 18:21:08.185	[31merror[0m	create operation record error:	{"err": "Error 1406: Data too long for column 'agent' at row 1"}
[RemindMe]2021/12/08 - 18:21:18.548	[31merror[0m	create operation record error:	{"err": "Error 1406: Data too long for column 'agent' at row 1"}
[RemindMe]2021/12/08 - 18:21:19.485	[31merror[0m	create operation record error:	{"err": "Error 1406: Data too long for column 'agent' at row 1"}
[RemindMe]2021/12/08 - 18:21:21.461	[31merror[0m	create operation record error:	{"err": "Error 1406: Data too long for column 'agent' at row 1"}
[RemindMe]2021/12/08 - 18:21:22.206	[31merror[0m	create operation record error:	{"err": "Error 1406: Data too long for column 'agent' at row 1"}
[RemindMe]2021/12/08 - 18:21:25.791	[31merror[0m	create operation record error:	{"err": "Error 1406: Data too long for column 'agent' at row 1"}
[RemindMe]2021/12/08 - 18:21:25.881	[31merror[0m	create operation record error:	{"err": "Error 1406: Data too long for column 'agent' at row 1"}
[RemindMe]2021/12/08 - 18:21:25.912	[31merror[0m	create operation record error:	{"err": "Error 1406: Data too long for column 'agent' at row 1"}
[RemindMe]2021/12/08 - 18:21:31.121	[31merror[0m	create operation record error:	{"err": "Error 1406: Data too long for column 'agent' at row 1"}
[RemindMe]2021/12/08 - 18:21:32.147	[31merror[0m	create operation record error:	{"err": "Error 1406: Data too long for column 'agent' at row 1"}
[RemindMe]2021/12/08 - 18:21:35.255	[31merror[0m	create operation record error:	{"err": "Error 1406: Data too long for column 'agent' at row 1"}
[RemindMe]2021/12/08 - 18:21:35.343	[31merror[0m	create operation record error:	{"err": "Error 1406: Data too long for column 'agent' at row 1"}
[RemindMe]2021/12/08 - 18:21:35.371	[31merror[0m	create operation record error:	{"err": "Error 1406: Data too long for column 'agent' at row 1"}
[RemindMe]2021/12/08 - 18:21:39.021	[31merror[0m	create operation record error:	{"err": "Error 1406: Data too long for column 'agent' at row 1"}
[RemindMe]2021/12/08 - 18:21:39.351	[31merror[0m	create operation record error:	{"err": "Error 1406: Data too long for column 'agent' at row 1"}
[RemindMe]2021/12/08 - 18:21:46.897	[31merror[0m	create operation record error:	{"err": "Error 1406: Data too long for column 'agent' at row 1"}
[RemindMe]2021/12/08 - 18:21:47.175	[31merror[0m	create operation record error:	{"err": "Error 1406: Data too long for column 'agent' at row 1"}
